<?xml version="1.0" encoding="UTF-8" standalone="yes" ?>
<test-results name="C:\SYSTRA\DelphiTest1\Test Project\Win32\Debug\BusServiceTestProject.exe" total="2" errors="0" failures="0" ignored="0" inconclusive="0" not-run="0" skipped="0" invalid="0" date="2022-01-16" time="0.005">
  <culture-info current-culture="en" current-uiculture="en" />
  <test-suite type="Assembly" name="BusServiceTestProject.exe" executed="true" result="Success" success="True" time="0.005" asserts="0">
    <results>
        <test-suite type="Namespace" name="ServiceLineParserTests" executed="true" result="Success" success="True" time="0.005" asserts="0" >
          <results>
              <test-suite type="Fixture" name="TServiceLineParserTester" executed="True" result="Success" success="True" time="0.005" >
                <results>
                  <test-case name="Test1.TestA" executed="True" result="Success" success="True" time="0.000" asserts="0" />
                  <test-case name="Test2.TestB" executed="True" result="Success" success="True" time="0.000" asserts="0" />
                </results>
              </test-suite>
          </results>
        </test-suite>
    </results>
  </test-suite>
</test-results>
